2023-03-29 17:10:44,490:app:WARNING:In record page fail has been ocured: 'NoneType' object has no attribute 'id'
2023-03-29 17:33:36,589:app:WARNING:In record page fail has been ocured: 'NoneType' object has no attribute 'id'
2023-03-29 17:33:46,475:app:WARNING:In record page fail has been ocured: 'NoneType' object has no attribute 'id'
2023-03-29 17:33:46,957:app:WARNING:In record page fail has been ocured: 'NoneType' object has no attribute 'id'
2023-03-29 17:41:04,029:app:WARNING:replace_id_to_name_in_record_dict fail has been ocured: 'NoneType' object has no attribute 'task_name'
2023-03-29 17:41:04,030:app:WARNING:replace_id_to_name_in_record_dict fail has been ocured: 'NoneType' object is not iterable
2023-03-30 11:12:01,313:app:WARNING:In record page fail has been ocured: 'NoneType' object has no attribute 'id'
2023-03-30 11:12:08,998:app:WARNING:replace_id_to_name_in_record_dict fail has been ocured: 'NoneType' object has no attribute 'task_name'
2023-03-30 11:12:09,000:app:WARNING:replace_id_to_name_in_record_dict fail has been ocured: 'NoneType' object is not iterable
2023-03-30 12:02:14,406:app:WARNING:In record page fail has been ocured: Could not build url for endpoint 'main.records'. Did you mean 'main.record' instead?
2023-03-30 12:02:15,521:app:WARNING:In record page fail has been ocured: Could not build url for endpoint 'main.records'. Did you mean 'main.record' instead?
2023-03-30 12:02:16,559:app:WARNING:In record page fail has been ocured: Could not build url for endpoint 'main.records'. Did you mean 'main.record' instead?
2023-03-30 12:02:17,699:app:WARNING:In record page fail has been ocured: Could not build url for endpoint 'main.records'. Did you mean 'main.record' instead?
2023-03-30 12:02:18,879:app:WARNING:In record page fail has been ocured: Could not build url for endpoint 'main.records'. Did you mean 'main.record' instead?
2023-03-30 12:02:19,925:app:WARNING:In record page fail has been ocured: Could not build url for endpoint 'main.records'. Did you mean 'main.record' instead?
2023-03-30 12:02:20,971:app:WARNING:In record page fail has been ocured: Could not build url for endpoint 'main.records'. Did you mean 'main.record' instead?
2023-03-30 12:02:22,049:app:WARNING:In record page fail has been ocured: Could not build url for endpoint 'main.records'. Did you mean 'main.record' instead?
2023-03-30 12:02:23,090:app:WARNING:In record page fail has been ocured: Could not build url for endpoint 'main.records'. Did you mean 'main.record' instead?
2023-03-30 12:02:24,180:app:WARNING:In record page fail has been ocured: Could not build url for endpoint 'main.records'. Did you mean 'main.record' instead?
2023-03-30 12:02:25,214:app:WARNING:In record page fail has been ocured: Could not build url for endpoint 'main.records'. Did you mean 'main.record' instead?
2023-03-30 12:02:26,278:app:WARNING:In record page fail has been ocured: Could not build url for endpoint 'main.records'. Did you mean 'main.record' instead?
2023-03-30 12:02:27,329:app:WARNING:In record page fail has been ocured: Could not build url for endpoint 'main.records'. Did you mean 'main.record' instead?
2023-03-30 12:02:28,372:app:WARNING:In record page fail has been ocured: Could not build url for endpoint 'main.records'. Did you mean 'main.record' instead?
2023-03-30 12:02:29,410:app:WARNING:In record page fail has been ocured: Could not build url for endpoint 'main.records'. Did you mean 'main.record' instead?
2023-03-30 12:02:30,445:app:WARNING:In record page fail has been ocured: Could not build url for endpoint 'main.records'. Did you mean 'main.record' instead?
2023-03-30 12:02:31,484:app:WARNING:In record page fail has been ocured: Could not build url for endpoint 'main.records'. Did you mean 'main.record' instead?
2023-03-30 12:02:32,544:app:WARNING:In record page fail has been ocured: Could not build url for endpoint 'main.records'. Did you mean 'main.record' instead?
2023-03-30 12:02:33,585:app:WARNING:In record page fail has been ocured: Could not build url for endpoint 'main.records'. Did you mean 'main.record' instead?
2023-03-30 12:02:34,625:app:WARNING:In record page fail has been ocured: Could not build url for endpoint 'main.records'. Did you mean 'main.record' instead?
2023-03-30 12:02:36,819:app:WARNING:In record page fail has been ocured: Could not build url for endpoint 'main.records'. Did you mean 'main.record' instead?
2023-03-30 12:02:37,836:app:WARNING:In record page fail has been ocured: Could not build url for endpoint 'main.records'. Did you mean 'main.record' instead?
2023-03-30 12:02:38,855:app:WARNING:In record page fail has been ocured: Could not build url for endpoint 'main.records'. Did you mean 'main.record' instead?
2023-03-30 12:02:39,874:app:WARNING:In record page fail has been ocured: Could not build url for endpoint 'main.records'. Did you mean 'main.record' instead?
2023-03-30 12:02:40,891:app:WARNING:In record page fail has been ocured: Could not build url for endpoint 'main.records'. Did you mean 'main.record' instead?
2023-03-30 12:02:41,910:app:WARNING:In record page fail has been ocured: Could not build url for endpoint 'main.records'. Did you mean 'main.record' instead?
2023-03-30 12:02:42,943:app:WARNING:In record page fail has been ocured: Could not build url for endpoint 'main.records'. Did you mean 'main.record' instead?
2023-03-30 12:02:43,972:app:WARNING:In record page fail has been ocured: Could not build url for endpoint 'main.records'. Did you mean 'main.record' instead?
2023-03-30 12:02:44,993:app:WARNING:In record page fail has been ocured: Could not build url for endpoint 'main.records'. Did you mean 'main.record' instead?
2023-03-30 12:02:46,020:app:WARNING:In record page fail has been ocured: Could not build url for endpoint 'main.records'. Did you mean 'main.record' instead?
2023-03-30 12:02:47,591:app:WARNING:In record page fail has been ocured: Could not build url for endpoint 'main.records'. Did you mean 'main.record' instead?
2023-03-30 12:02:48,610:app:WARNING:In record page fail has been ocured: Could not build url for endpoint 'main.records'. Did you mean 'main.record' instead?
2023-03-30 12:02:49,627:app:WARNING:In record page fail has been ocured: Could not build url for endpoint 'main.records'. Did you mean 'main.record' instead?
2023-03-30 12:02:50,646:app:WARNING:In record page fail has been ocured: Could not build url for endpoint 'main.records'. Did you mean 'main.record' instead?
2023-03-30 12:02:51,673:app:WARNING:In record page fail has been ocured: Could not build url for endpoint 'main.records'. Did you mean 'main.record' instead?
2023-03-30 12:02:52,694:app:WARNING:In record page fail has been ocured: Could not build url for endpoint 'main.records'. Did you mean 'main.record' instead?
2023-03-30 12:02:53,717:app:WARNING:In record page fail has been ocured: Could not build url for endpoint 'main.records'. Did you mean 'main.record' instead?
2023-03-30 12:02:54,737:app:WARNING:In record page fail has been ocured: Could not build url for endpoint 'main.records'. Did you mean 'main.record' instead?
2023-03-30 12:02:55,781:app:WARNING:In record page fail has been ocured: Could not build url for endpoint 'main.records'. Did you mean 'main.record' instead?
2023-03-30 12:02:56,798:app:WARNING:In record page fail has been ocured: Could not build url for endpoint 'main.records'. Did you mean 'main.record' instead?
2023-03-30 12:02:57,823:app:WARNING:In record page fail has been ocured: Could not build url for endpoint 'main.records'. Did you mean 'main.record' instead?
2023-03-30 12:02:58,841:app:WARNING:In record page fail has been ocured: Could not build url for endpoint 'main.records'. Did you mean 'main.record' instead?
2023-03-30 12:02:59,881:app:WARNING:In record page fail has been ocured: Could not build url for endpoint 'main.records'. Did you mean 'main.record' instead?
2023-03-30 12:03:00,906:app:WARNING:In record page fail has been ocured: Could not build url for endpoint 'main.records'. Did you mean 'main.record' instead?
2023-03-30 12:03:01,923:app:WARNING:In record page fail has been ocured: Could not build url for endpoint 'main.records'. Did you mean 'main.record' instead?
2023-03-30 12:03:02,938:app:WARNING:In record page fail has been ocured: Could not build url for endpoint 'main.records'. Did you mean 'main.record' instead?
2023-03-30 12:03:03,956:app:WARNING:In record page fail has been ocured: Could not build url for endpoint 'main.records'. Did you mean 'main.record' instead?
2023-03-30 12:03:04,978:app:WARNING:In record page fail has been ocured: Could not build url for endpoint 'main.records'. Did you mean 'main.record' instead?
2023-03-30 12:03:06,001:app:WARNING:In record page fail has been ocured: Could not build url for endpoint 'main.records'. Did you mean 'main.record' instead?
2023-03-30 12:03:59,275:app:WARNING:In record page fail has been ocured: Could not build url for endpoint 'main.records'. Did you mean 'main.record' instead?
2023-03-30 12:04:00,319:app:WARNING:In record page fail has been ocured: Could not build url for endpoint 'main.records'. Did you mean 'main.record' instead?
2023-03-30 12:04:01,341:app:WARNING:In record page fail has been ocured: Could not build url for endpoint 'main.records'. Did you mean 'main.record' instead?
2023-03-30 12:04:02,360:app:WARNING:In record page fail has been ocured: Could not build url for endpoint 'main.records'. Did you mean 'main.record' instead?
2023-03-30 12:04:03,380:app:WARNING:In record page fail has been ocured: Could not build url for endpoint 'main.records'. Did you mean 'main.record' instead?
2023-03-30 12:04:04,423:app:WARNING:In record page fail has been ocured: Could not build url for endpoint 'main.records'. Did you mean 'main.record' instead?
2023-03-30 12:04:05,442:app:WARNING:In record page fail has been ocured: Could not build url for endpoint 'main.records'. Did you mean 'main.record' instead?
2023-03-30 12:04:06,471:app:WARNING:In record page fail has been ocured: Could not build url for endpoint 'main.records'. Did you mean 'main.record' instead?
2023-03-30 12:04:07,508:app:WARNING:In record page fail has been ocured: Could not build url for endpoint 'main.records'. Did you mean 'main.record' instead?
2023-03-30 12:04:08,526:app:WARNING:In record page fail has been ocured: Could not build url for endpoint 'main.records'. Did you mean 'main.record' instead?
2023-03-30 12:04:09,558:app:WARNING:In record page fail has been ocured: Could not build url for endpoint 'main.records'. Did you mean 'main.record' instead?
2023-03-30 12:04:10,577:app:WARNING:In record page fail has been ocured: Could not build url for endpoint 'main.records'. Did you mean 'main.record' instead?
2023-03-30 12:04:11,631:app:WARNING:In record page fail has been ocured: Could not build url for endpoint 'main.records'. Did you mean 'main.record' instead?
2023-03-30 12:04:12,652:app:WARNING:In record page fail has been ocured: Could not build url for endpoint 'main.records'. Did you mean 'main.record' instead?
2023-03-30 12:04:13,671:app:WARNING:In record page fail has been ocured: Could not build url for endpoint 'main.records'. Did you mean 'main.record' instead?
2023-03-30 12:04:14,690:app:WARNING:In record page fail has been ocured: Could not build url for endpoint 'main.records'. Did you mean 'main.record' instead?
2023-03-30 12:04:15,708:app:WARNING:In record page fail has been ocured: Could not build url for endpoint 'main.records'. Did you mean 'main.record' instead?
2023-03-30 12:04:16,729:app:WARNING:In record page fail has been ocured: Could not build url for endpoint 'main.records'. Did you mean 'main.record' instead?
2023-03-30 12:04:17,745:app:WARNING:In record page fail has been ocured: Could not build url for endpoint 'main.records'. Did you mean 'main.record' instead?
2023-03-30 12:04:18,761:app:WARNING:In record page fail has been ocured: Could not build url for endpoint 'main.records'. Did you mean 'main.record' instead?
2023-03-30 12:04:20,827:app:WARNING:In record page fail has been ocured: Could not build url for endpoint 'main.records'. Did you mean 'main.record' instead?
2023-03-30 12:04:21,847:app:WARNING:In record page fail has been ocured: Could not build url for endpoint 'main.records'. Did you mean 'main.record' instead?
2023-03-30 12:04:22,868:app:WARNING:In record page fail has been ocured: Could not build url for endpoint 'main.records'. Did you mean 'main.record' instead?
2023-03-30 12:04:23,888:app:WARNING:In record page fail has been ocured: Could not build url for endpoint 'main.records'. Did you mean 'main.record' instead?
2023-03-30 12:04:24,988:app:WARNING:In record page fail has been ocured: Could not build url for endpoint 'main.records'. Did you mean 'main.record' instead?
2023-03-30 12:04:26,008:app:WARNING:In record page fail has been ocured: Could not build url for endpoint 'main.records'. Did you mean 'main.record' instead?
2023-03-30 12:04:27,026:app:WARNING:In record page fail has been ocured: Could not build url for endpoint 'main.records'. Did you mean 'main.record' instead?
2023-03-30 12:04:28,047:app:WARNING:In record page fail has been ocured: Could not build url for endpoint 'main.records'. Did you mean 'main.record' instead?
2023-03-30 12:04:29,067:app:WARNING:In record page fail has been ocured: Could not build url for endpoint 'main.records'. Did you mean 'main.record' instead?
2023-03-30 12:04:30,097:app:WARNING:In record page fail has been ocured: Could not build url for endpoint 'main.records'. Did you mean 'main.record' instead?
2023-03-30 12:04:31,126:app:WARNING:In record page fail has been ocured: Could not build url for endpoint 'main.records'. Did you mean 'main.record' instead?
2023-03-30 12:04:32,145:app:WARNING:In record page fail has been ocured: Could not build url for endpoint 'main.records'. Did you mean 'main.record' instead?
2023-03-30 12:04:33,165:app:WARNING:In record page fail has been ocured: Could not build url for endpoint 'main.records'. Did you mean 'main.record' instead?
2023-03-30 12:04:34,186:app:WARNING:In record page fail has been ocured: Could not build url for endpoint 'main.records'. Did you mean 'main.record' instead?
2023-03-30 12:04:35,204:app:WARNING:In record page fail has been ocured: Could not build url for endpoint 'main.records'. Did you mean 'main.record' instead?
2023-03-30 12:04:36,222:app:WARNING:In record page fail has been ocured: Could not build url for endpoint 'main.records'. Did you mean 'main.record' instead?
2023-03-30 12:04:37,258:app:WARNING:In record page fail has been ocured: Could not build url for endpoint 'main.records'. Did you mean 'main.record' instead?
2023-03-30 12:04:38,275:app:WARNING:In record page fail has been ocured: Could not build url for endpoint 'main.records'. Did you mean 'main.record' instead?
2023-03-30 12:04:39,295:app:WARNING:In record page fail has been ocured: Could not build url for endpoint 'main.records'. Did you mean 'main.record' instead?
2023-03-30 12:04:40,314:app:WARNING:In record page fail has been ocured: Could not build url for endpoint 'main.records'. Did you mean 'main.record' instead?
2023-03-30 12:04:46,356:app:WARNING:In record page fail has been ocured: Could not build url for endpoint 'main.records'. Did you mean 'main.record' instead?
2023-03-30 12:04:47,372:app:WARNING:In record page fail has been ocured: Could not build url for endpoint 'main.records'. Did you mean 'main.record' instead?
2023-03-30 12:04:48,390:app:WARNING:In record page fail has been ocured: Could not build url for endpoint 'main.records'. Did you mean 'main.record' instead?
2023-03-30 12:04:49,411:app:WARNING:In record page fail has been ocured: Could not build url for endpoint 'main.records'. Did you mean 'main.record' instead?
2023-03-30 12:04:50,431:app:WARNING:In record page fail has been ocured: Could not build url for endpoint 'main.records'. Did you mean 'main.record' instead?
2023-03-30 12:04:51,453:app:WARNING:In record page fail has been ocured: Could not build url for endpoint 'main.records'. Did you mean 'main.record' instead?
2023-03-30 12:04:52,472:app:WARNING:In record page fail has been ocured: Could not build url for endpoint 'main.records'. Did you mean 'main.record' instead?
2023-03-30 12:04:53,490:app:WARNING:In record page fail has been ocured: Could not build url for endpoint 'main.records'. Did you mean 'main.record' instead?
2023-03-30 12:04:54,510:app:WARNING:In record page fail has been ocured: Could not build url for endpoint 'main.records'. Did you mean 'main.record' instead?
2023-03-30 12:04:55,532:app:WARNING:In record page fail has been ocured: Could not build url for endpoint 'main.records'. Did you mean 'main.record' instead?
2023-03-30 12:04:56,611:app:WARNING:In record page fail has been ocured: Could not build url for endpoint 'main.records'. Did you mean 'main.record' instead?
2023-03-30 12:04:57,634:app:WARNING:In record page fail has been ocured: Could not build url for endpoint 'main.records'. Did you mean 'main.record' instead?
2023-03-30 12:04:58,656:app:WARNING:In record page fail has been ocured: Could not build url for endpoint 'main.records'. Did you mean 'main.record' instead?
2023-03-30 12:04:59,672:app:WARNING:In record page fail has been ocured: Could not build url for endpoint 'main.records'. Did you mean 'main.record' instead?
2023-03-30 12:05:00,703:app:WARNING:In record page fail has been ocured: Could not build url for endpoint 'main.records'. Did you mean 'main.record' instead?
2023-03-30 12:05:01,735:app:WARNING:In record page fail has been ocured: Could not build url for endpoint 'main.records'. Did you mean 'main.record' instead?
2023-03-30 12:05:29,725:app:WARNING:In record page fail has been ocured: Could not build url for endpoint 'main.records'. Did you mean 'main.record' instead?
2023-03-30 12:05:30,745:app:WARNING:In record page fail has been ocured: Could not build url for endpoint 'main.records'. Did you mean 'main.record' instead?
2023-03-30 12:05:31,767:app:WARNING:In record page fail has been ocured: Could not build url for endpoint 'main.records'. Did you mean 'main.record' instead?
2023-03-30 12:05:32,784:app:WARNING:In record page fail has been ocured: Could not build url for endpoint 'main.records'. Did you mean 'main.record' instead?
2023-03-30 12:05:33,807:app:WARNING:In record page fail has been ocured: Could not build url for endpoint 'main.records'. Did you mean 'main.record' instead?
2023-03-30 12:05:34,827:app:WARNING:In record page fail has been ocured: Could not build url for endpoint 'main.records'. Did you mean 'main.record' instead?
2023-03-30 12:05:35,856:app:WARNING:In record page fail has been ocured: Could not build url for endpoint 'main.records'. Did you mean 'main.record' instead?
2023-03-30 12:05:36,921:app:WARNING:In record page fail has been ocured: Could not build url for endpoint 'main.records'. Did you mean 'main.record' instead?
2023-03-30 12:05:37,938:app:WARNING:In record page fail has been ocured: Could not build url for endpoint 'main.records'. Did you mean 'main.record' instead?
2023-03-30 12:05:38,958:app:WARNING:In record page fail has been ocured: Could not build url for endpoint 'main.records'. Did you mean 'main.record' instead?
2023-03-30 12:05:39,999:app:WARNING:In record page fail has been ocured: Could not build url for endpoint 'main.records'. Did you mean 'main.record' instead?
2023-03-30 12:05:41,021:app:WARNING:In record page fail has been ocured: Could not build url for endpoint 'main.records'. Did you mean 'main.record' instead?
2023-03-30 12:05:42,046:app:WARNING:In record page fail has been ocured: Could not build url for endpoint 'main.records'. Did you mean 'main.record' instead?
2023-03-30 12:05:43,062:app:WARNING:In record page fail has been ocured: Could not build url for endpoint 'main.records'. Did you mean 'main.record' instead?
2023-03-30 12:05:44,080:app:WARNING:In record page fail has been ocured: Could not build url for endpoint 'main.records'. Did you mean 'main.record' instead?
2023-03-30 12:05:45,102:app:WARNING:In record page fail has been ocured: Could not build url for endpoint 'main.records'. Did you mean 'main.record' instead?
2023-03-30 12:05:46,131:app:WARNING:In record page fail has been ocured: Could not build url for endpoint 'main.records'. Did you mean 'main.record' instead?
2023-03-30 12:05:47,154:app:WARNING:In record page fail has been ocured: Could not build url for endpoint 'main.records'. Did you mean 'main.record' instead?
2023-03-30 12:05:48,172:app:WARNING:In record page fail has been ocured: Could not build url for endpoint 'main.records'. Did you mean 'main.record' instead?
2023-03-30 12:05:49,210:app:WARNING:In record page fail has been ocured: Could not build url for endpoint 'main.records'. Did you mean 'main.record' instead?
2023-03-30 12:05:51,274:app:WARNING:In record page fail has been ocured: Could not build url for endpoint 'main.records'. Did you mean 'main.record' instead?
2023-03-30 12:05:52,293:app:WARNING:In record page fail has been ocured: Could not build url for endpoint 'main.records'. Did you mean 'main.record' instead?
2023-03-30 12:05:53,313:app:WARNING:In record page fail has been ocured: Could not build url for endpoint 'main.records'. Did you mean 'main.record' instead?
2023-03-30 12:05:54,331:app:WARNING:In record page fail has been ocured: Could not build url for endpoint 'main.records'. Did you mean 'main.record' instead?
2023-03-30 12:05:55,349:app:WARNING:In record page fail has been ocured: Could not build url for endpoint 'main.records'. Did you mean 'main.record' instead?
2023-03-30 12:05:56,371:app:WARNING:In record page fail has been ocured: Could not build url for endpoint 'main.records'. Did you mean 'main.record' instead?
2023-03-30 12:05:57,391:app:WARNING:In record page fail has been ocured: Could not build url for endpoint 'main.records'. Did you mean 'main.record' instead?
2023-03-30 12:05:58,409:app:WARNING:In record page fail has been ocured: Could not build url for endpoint 'main.records'. Did you mean 'main.record' instead?
2023-03-30 12:05:59,456:app:WARNING:In record page fail has been ocured: Could not build url for endpoint 'main.records'. Did you mean 'main.record' instead?
2023-03-30 12:06:00,475:app:WARNING:In record page fail has been ocured: Could not build url for endpoint 'main.records'. Did you mean 'main.record' instead?
2023-03-30 12:06:01,491:app:WARNING:In record page fail has been ocured: Could not build url for endpoint 'main.records'. Did you mean 'main.record' instead?
2023-03-30 12:06:02,511:app:WARNING:In record page fail has been ocured: Could not build url for endpoint 'main.records'. Did you mean 'main.record' instead?
2023-03-30 12:06:03,557:app:WARNING:In record page fail has been ocured: Could not build url for endpoint 'main.records'. Did you mean 'main.record' instead?
2023-03-30 12:06:04,574:app:WARNING:In record page fail has been ocured: Could not build url for endpoint 'main.records'. Did you mean 'main.record' instead?
2023-03-30 12:06:05,595:app:WARNING:In record page fail has been ocured: Could not build url for endpoint 'main.records'. Did you mean 'main.record' instead?
2023-03-30 12:06:06,614:app:WARNING:In record page fail has been ocured: Could not build url for endpoint 'main.records'. Did you mean 'main.record' instead?
2023-03-30 12:06:07,753:app:WARNING:In record page fail has been ocured: Could not build url for endpoint 'main.records'. Did you mean 'main.record' instead?
2023-03-30 12:06:08,791:app:WARNING:In record page fail has been ocured: Could not build url for endpoint 'main.records'. Did you mean 'main.record' instead?
2023-03-30 12:06:37,670:app:WARNING:In record page fail has been ocured: Could not build url for endpoint 'main.records'. Did you mean 'main.record' instead?
2023-03-30 12:06:38,723:app:WARNING:In record page fail has been ocured: Could not build url for endpoint 'main.records'. Did you mean 'main.record' instead?
2023-03-30 12:06:39,829:app:WARNING:In record page fail has been ocured: Could not build url for endpoint 'main.records'. Did you mean 'main.record' instead?
2023-03-30 12:06:40,899:app:WARNING:In record page fail has been ocured: Could not build url for endpoint 'main.records'. Did you mean 'main.record' instead?
2023-03-30 12:06:41,942:app:WARNING:In record page fail has been ocured: Could not build url for endpoint 'main.records'. Did you mean 'main.record' instead?
2023-03-30 12:06:43,040:app:WARNING:In record page fail has been ocured: Could not build url for endpoint 'main.records'. Did you mean 'main.record' instead?
2023-03-30 12:06:44,220:app:WARNING:In record page fail has been ocured: Could not build url for endpoint 'main.records'. Did you mean 'main.record' instead?
2023-03-30 12:06:45,325:app:WARNING:In record page fail has been ocured: Could not build url for endpoint 'main.records'. Did you mean 'main.record' instead?
2023-03-30 12:06:46,372:app:WARNING:In record page fail has been ocured: Could not build url for endpoint 'main.records'. Did you mean 'main.record' instead?
2023-03-30 12:06:47,421:app:WARNING:In record page fail has been ocured: Could not build url for endpoint 'main.records'. Did you mean 'main.record' instead?
2023-03-30 12:06:48,482:app:WARNING:In record page fail has been ocured: Could not build url for endpoint 'main.records'. Did you mean 'main.record' instead?
2023-03-30 12:06:49,541:app:WARNING:In record page fail has been ocured: Could not build url for endpoint 'main.records'. Did you mean 'main.record' instead?
2023-03-30 12:06:50,603:app:WARNING:In record page fail has been ocured: Could not build url for endpoint 'main.records'. Did you mean 'main.record' instead?
2023-03-30 12:06:51,651:app:WARNING:In record page fail has been ocured: Could not build url for endpoint 'main.records'. Did you mean 'main.record' instead?
2023-03-30 12:06:52,702:app:WARNING:In record page fail has been ocured: Could not build url for endpoint 'main.records'. Did you mean 'main.record' instead?
2023-03-30 12:06:53,754:app:WARNING:In record page fail has been ocured: Could not build url for endpoint 'main.records'. Did you mean 'main.record' instead?
2023-03-30 12:06:54,815:app:WARNING:In record page fail has been ocured: Could not build url for endpoint 'main.records'. Did you mean 'main.record' instead?
2023-03-30 12:06:55,894:app:WARNING:In record page fail has been ocured: Could not build url for endpoint 'main.records'. Did you mean 'main.record' instead?
2023-03-30 12:06:56,950:app:WARNING:In record page fail has been ocured: Could not build url for endpoint 'main.records'. Did you mean 'main.record' instead?
2023-03-30 12:06:59,079:app:WARNING:In record page fail has been ocured: Could not build url for endpoint 'main.records'. Did you mean 'main.record' instead?
2023-03-30 12:07:00,099:app:WARNING:In record page fail has been ocured: Could not build url for endpoint 'main.records'. Did you mean 'main.record' instead?
2023-03-30 12:07:01,119:app:WARNING:In record page fail has been ocured: Could not build url for endpoint 'main.records'. Did you mean 'main.record' instead?
2023-03-30 12:07:02,143:app:WARNING:In record page fail has been ocured: Could not build url for endpoint 'main.records'. Did you mean 'main.record' instead?
2023-03-30 12:07:03,165:app:WARNING:In record page fail has been ocured: Could not build url for endpoint 'main.records'. Did you mean 'main.record' instead?
2023-03-30 12:07:04,185:app:WARNING:In record page fail has been ocured: Could not build url for endpoint 'main.records'. Did you mean 'main.record' instead?
2023-03-30 12:07:05,208:app:WARNING:In record page fail has been ocured: Could not build url for endpoint 'main.records'. Did you mean 'main.record' instead?
2023-03-30 12:07:06,228:app:WARNING:In record page fail has been ocured: Could not build url for endpoint 'main.records'. Did you mean 'main.record' instead?
2023-03-30 12:07:07,369:app:WARNING:In record page fail has been ocured: Could not build url for endpoint 'main.records'. Did you mean 'main.record' instead?
2023-03-30 12:07:07,528:app:WARNING:In record page fail has been ocured: Could not build url for endpoint 'main.records'. Did you mean 'main.record' instead?
2023-03-30 12:07:08,444:app:WARNING:In record page fail has been ocured: Could not build url for endpoint 'main.records'. Did you mean 'main.record' instead?
2023-03-30 12:07:08,602:app:WARNING:In record page fail has been ocured: Could not build url for endpoint 'main.records'. Did you mean 'main.record' instead?
2023-03-30 12:07:09,484:app:WARNING:In record page fail has been ocured: Could not build url for endpoint 'main.records'. Did you mean 'main.record' instead?
2023-03-30 12:07:09,702:app:WARNING:In record page fail has been ocured: Could not build url for endpoint 'main.records'. Did you mean 'main.record' instead?
2023-03-30 12:07:10,593:app:WARNING:In record page fail has been ocured: Could not build url for endpoint 'main.records'. Did you mean 'main.record' instead?
2023-03-30 12:07:10,917:app:WARNING:In record page fail has been ocured: Could not build url for endpoint 'main.records'. Did you mean 'main.record' instead?
2023-03-30 12:07:11,964:app:WARNING:In record page fail has been ocured: Could not build url for endpoint 'main.records'. Did you mean 'main.record' instead?
2023-03-30 12:07:13,006:app:WARNING:In record page fail has been ocured: Could not build url for endpoint 'main.records'. Did you mean 'main.record' instead?
2023-03-30 12:07:14,045:app:WARNING:In record page fail has been ocured: Could not build url for endpoint 'main.records'. Did you mean 'main.record' instead?
2023-03-30 12:07:15,082:app:WARNING:In record page fail has been ocured: Could not build url for endpoint 'main.records'. Did you mean 'main.record' instead?
2023-03-30 12:07:16,276:app:WARNING:In record page fail has been ocured: Could not build url for endpoint 'main.records'. Did you mean 'main.record' instead?
2023-03-30 12:07:17,345:app:WARNING:In record page fail has been ocured: Could not build url for endpoint 'main.records'. Did you mean 'main.record' instead?
2023-03-30 12:07:18,421:app:WARNING:In record page fail has been ocured: Could not build url for endpoint 'main.records'. Did you mean 'main.record' instead?
2023-03-30 12:07:23,569:app:WARNING:In record page fail has been ocured: Could not build url for endpoint 'main.records'. Did you mean 'main.record' instead?
2023-03-30 12:07:35,646:app:WARNING:In record page fail has been ocured: Could not build url for endpoint 'main.records'. Did you mean 'main.record' instead?
2023-03-30 12:07:36,786:app:WARNING:In record page fail has been ocured: Could not build url for endpoint 'main.records'. Did you mean 'main.record' instead?
2023-03-30 12:07:37,848:app:WARNING:In record page fail has been ocured: Could not build url for endpoint 'main.records'. Did you mean 'main.record' instead?
2023-03-30 12:07:39,086:app:WARNING:In record page fail has been ocured: Could not build url for endpoint 'main.records'. Did you mean 'main.record' instead?
2023-03-30 12:07:40,191:app:WARNING:In record page fail has been ocured: Could not build url for endpoint 'main.records'. Did you mean 'main.record' instead?
2023-03-30 12:07:41,240:app:WARNING:In record page fail has been ocured: Could not build url for endpoint 'main.records'. Did you mean 'main.record' instead?
2023-03-30 12:07:42,295:app:WARNING:In record page fail has been ocured: Could not build url for endpoint 'main.records'. Did you mean 'main.record' instead?
2023-03-30 12:07:43,339:app:WARNING:In record page fail has been ocured: Could not build url for endpoint 'main.records'. Did you mean 'main.record' instead?
2023-03-30 12:07:44,445:app:WARNING:In record page fail has been ocured: Could not build url for endpoint 'main.records'. Did you mean 'main.record' instead?
2023-03-30 12:07:45,507:app:WARNING:In record page fail has been ocured: Could not build url for endpoint 'main.records'. Did you mean 'main.record' instead?
2023-03-30 12:07:46,578:app:WARNING:In record page fail has been ocured: Could not build url for endpoint 'main.records'. Did you mean 'main.record' instead?
2023-03-30 12:07:47,625:app:WARNING:In record page fail has been ocured: Could not build url for endpoint 'main.records'. Did you mean 'main.record' instead?
2023-03-30 12:07:48,705:app:WARNING:In record page fail has been ocured: Could not build url for endpoint 'main.records'. Did you mean 'main.record' instead?
2023-03-30 12:07:49,805:app:WARNING:In record page fail has been ocured: Could not build url for endpoint 'main.records'. Did you mean 'main.record' instead?
2023-03-30 12:07:50,903:app:WARNING:In record page fail has been ocured: Could not build url for endpoint 'main.records'. Did you mean 'main.record' instead?
2023-03-30 12:07:51,944:app:WARNING:In record page fail has been ocured: Could not build url for endpoint 'main.records'. Did you mean 'main.record' instead?
2023-03-30 12:07:53,003:app:WARNING:In record page fail has been ocured: Could not build url for endpoint 'main.records'. Did you mean 'main.record' instead?
2023-03-30 12:07:54,078:app:WARNING:In record page fail has been ocured: Could not build url for endpoint 'main.records'. Did you mean 'main.record' instead?
2023-03-30 12:07:55,140:app:WARNING:In record page fail has been ocured: Could not build url for endpoint 'main.records'. Did you mean 'main.record' instead?
2023-03-30 12:07:56,191:app:WARNING:In record page fail has been ocured: Could not build url for endpoint 'main.records'. Did you mean 'main.record' instead?
2023-03-30 12:07:57,242:app:WARNING:In record page fail has been ocured: Could not build url for endpoint 'main.records'. Did you mean 'main.record' instead?
2023-03-30 12:07:59,390:app:WARNING:In record page fail has been ocured: Could not build url for endpoint 'main.records'. Did you mean 'main.record' instead?
2023-03-30 12:08:00,408:app:WARNING:In record page fail has been ocured: Could not build url for endpoint 'main.records'. Did you mean 'main.record' instead?
2023-03-30 12:08:01,426:app:WARNING:In record page fail has been ocured: Could not build url for endpoint 'main.records'. Did you mean 'main.record' instead?
2023-03-30 12:08:02,444:app:WARNING:In record page fail has been ocured: Could not build url for endpoint 'main.records'. Did you mean 'main.record' instead?
2023-03-30 12:08:03,464:app:WARNING:In record page fail has been ocured: Could not build url for endpoint 'main.records'. Did you mean 'main.record' instead?
2023-03-30 12:08:04,481:app:WARNING:In record page fail has been ocured: Could not build url for endpoint 'main.records'. Did you mean 'main.record' instead?
2023-03-30 12:08:05,502:app:WARNING:In record page fail has been ocured: Could not build url for endpoint 'main.records'. Did you mean 'main.record' instead?
2023-03-30 12:08:06,522:app:WARNING:In record page fail has been ocured: Could not build url for endpoint 'main.records'. Did you mean 'main.record' instead?
2023-03-30 12:08:07,544:app:WARNING:In record page fail has been ocured: Could not build url for endpoint 'main.records'. Did you mean 'main.record' instead?
2023-03-30 12:08:08,564:app:WARNING:In record page fail has been ocured: Could not build url for endpoint 'main.records'. Did you mean 'main.record' instead?
2023-03-30 12:08:09,583:app:WARNING:In record page fail has been ocured: Could not build url for endpoint 'main.records'. Did you mean 'main.record' instead?
2023-03-30 12:08:10,603:app:WARNING:In record page fail has been ocured: Could not build url for endpoint 'main.records'. Did you mean 'main.record' instead?
2023-03-30 12:08:11,625:app:WARNING:In record page fail has been ocured: Could not build url for endpoint 'main.records'. Did you mean 'main.record' instead?
2023-03-30 12:08:39,047:app:WARNING:In record page fail has been ocured: Could not build url for endpoint 'main.records'. Did you mean 'main.record' instead?
2023-03-30 12:08:40,139:app:WARNING:In record page fail has been ocured: Could not build url for endpoint 'main.records'. Did you mean 'main.record' instead?
2023-03-30 12:08:41,227:app:WARNING:In record page fail has been ocured: Could not build url for endpoint 'main.records'. Did you mean 'main.record' instead?
2023-03-30 12:08:42,294:app:WARNING:In record page fail has been ocured: Could not build url for endpoint 'main.records'. Did you mean 'main.record' instead?
2023-03-30 12:08:43,339:app:WARNING:In record page fail has been ocured: Could not build url for endpoint 'main.records'. Did you mean 'main.record' instead?
2023-03-30 12:08:44,425:app:WARNING:In record page fail has been ocured: Could not build url for endpoint 'main.records'. Did you mean 'main.record' instead?
2023-03-30 12:08:45,467:app:WARNING:In record page fail has been ocured: Could not build url for endpoint 'main.records'. Did you mean 'main.record' instead?
2023-03-30 12:08:46,516:app:WARNING:In record page fail has been ocured: Could not build url for endpoint 'main.records'. Did you mean 'main.record' instead?
2023-03-30 12:08:47,573:app:WARNING:In record page fail has been ocured: Could not build url for endpoint 'main.records'. Did you mean 'main.record' instead?
2023-03-30 12:08:48,619:app:WARNING:In record page fail has been ocured: Could not build url for endpoint 'main.records'. Did you mean 'main.record' instead?
2023-03-30 12:08:49,667:app:WARNING:In record page fail has been ocured: Could not build url for endpoint 'main.records'. Did you mean 'main.record' instead?
2023-03-30 12:08:50,711:app:WARNING:In record page fail has been ocured: Could not build url for endpoint 'main.records'. Did you mean 'main.record' instead?
2023-03-30 12:08:51,753:app:WARNING:In record page fail has been ocured: Could not build url for endpoint 'main.records'. Did you mean 'main.record' instead?
2023-03-30 12:08:52,799:app:WARNING:In record page fail has been ocured: Could not build url for endpoint 'main.records'. Did you mean 'main.record' instead?
2023-03-30 12:08:53,847:app:WARNING:In record page fail has been ocured: Could not build url for endpoint 'main.records'. Did you mean 'main.record' instead?
2023-03-30 12:08:54,896:app:WARNING:In record page fail has been ocured: Could not build url for endpoint 'main.records'. Did you mean 'main.record' instead?
2023-03-30 12:08:55,966:app:WARNING:In record page fail has been ocured: Could not build url for endpoint 'main.records'. Did you mean 'main.record' instead?
2023-03-30 12:08:57,049:app:WARNING:In record page fail has been ocured: Could not build url for endpoint 'main.records'. Did you mean 'main.record' instead?
2023-03-30 12:08:58,135:app:WARNING:In record page fail has been ocured: Could not build url for endpoint 'main.records'. Did you mean 'main.record' instead?
2023-03-30 12:09:00,288:app:WARNING:In record page fail has been ocured: Could not build url for endpoint 'main.records'. Did you mean 'main.record' instead?
2023-03-30 12:09:01,307:app:WARNING:In record page fail has been ocured: Could not build url for endpoint 'main.records'. Did you mean 'main.record' instead?
2023-03-30 12:09:02,327:app:WARNING:In record page fail has been ocured: Could not build url for endpoint 'main.records'. Did you mean 'main.record' instead?
2023-03-30 12:09:03,346:app:WARNING:In record page fail has been ocured: Could not build url for endpoint 'main.records'. Did you mean 'main.record' instead?
2023-03-30 12:09:04,363:app:WARNING:In record page fail has been ocured: Could not build url for endpoint 'main.records'. Did you mean 'main.record' instead?
2023-03-30 12:09:05,381:app:WARNING:In record page fail has been ocured: Could not build url for endpoint 'main.records'. Did you mean 'main.record' instead?
2023-03-30 12:09:06,401:app:WARNING:In record page fail has been ocured: Could not build url for endpoint 'main.records'. Did you mean 'main.record' instead?
2023-03-30 12:09:07,421:app:WARNING:In record page fail has been ocured: Could not build url for endpoint 'main.records'. Did you mean 'main.record' instead?
2023-03-30 12:09:08,440:app:WARNING:In record page fail has been ocured: Could not build url for endpoint 'main.records'. Did you mean 'main.record' instead?
2023-03-30 12:09:09,458:app:WARNING:In record page fail has been ocured: Could not build url for endpoint 'main.records'. Did you mean 'main.record' instead?
2023-03-30 12:09:10,476:app:WARNING:In record page fail has been ocured: Could not build url for endpoint 'main.records'. Did you mean 'main.record' instead?
2023-03-30 12:09:11,495:app:WARNING:In record page fail has been ocured: Could not build url for endpoint 'main.records'. Did you mean 'main.record' instead?
2023-03-30 12:09:12,513:app:WARNING:In record page fail has been ocured: Could not build url for endpoint 'main.records'. Did you mean 'main.record' instead?
2023-03-30 12:09:13,533:app:WARNING:In record page fail has been ocured: Could not build url for endpoint 'main.records'. Did you mean 'main.record' instead?
2023-03-30 12:09:14,554:app:WARNING:In record page fail has been ocured: Could not build url for endpoint 'main.records'. Did you mean 'main.record' instead?
2023-03-30 12:09:15,576:app:WARNING:In record page fail has been ocured: Could not build url for endpoint 'main.records'. Did you mean 'main.record' instead?
2023-03-30 12:09:16,592:app:WARNING:In record page fail has been ocured: Could not build url for endpoint 'main.records'. Did you mean 'main.record' instead?
2023-03-30 12:09:17,611:app:WARNING:In record page fail has been ocured: Could not build url for endpoint 'main.records'. Did you mean 'main.record' instead?
2023-03-30 12:09:18,631:app:WARNING:In record page fail has been ocured: Could not build url for endpoint 'main.records'. Did you mean 'main.record' instead?
2023-03-30 12:09:19,656:app:WARNING:In record page fail has been ocured: Could not build url for endpoint 'main.records'. Did you mean 'main.record' instead?
2023-03-30 12:09:25,704:app:WARNING:In record page fail has been ocured: Could not build url for endpoint 'main.records'. Did you mean 'main.record' instead?
2023-03-30 12:09:26,726:app:WARNING:In record page fail has been ocured: Could not build url for endpoint 'main.records'. Did you mean 'main.record' instead?
2023-03-30 12:09:27,744:app:WARNING:In record page fail has been ocured: Could not build url for endpoint 'main.records'. Did you mean 'main.record' instead?
2023-03-30 12:09:28,761:app:WARNING:In record page fail has been ocured: Could not build url for endpoint 'main.records'. Did you mean 'main.record' instead?
2023-03-30 12:09:29,782:app:WARNING:In record page fail has been ocured: Could not build url for endpoint 'main.records'. Did you mean 'main.record' instead?
2023-03-30 12:09:30,805:app:WARNING:In record page fail has been ocured: Could not build url for endpoint 'main.records'. Did you mean 'main.record' instead?
2023-03-30 12:09:31,823:app:WARNING:In record page fail has been ocured: Could not build url for endpoint 'main.records'. Did you mean 'main.record' instead?
2023-03-30 12:09:32,843:app:WARNING:In record page fail has been ocured: Could not build url for endpoint 'main.records'. Did you mean 'main.record' instead?
2023-03-30 12:09:33,863:app:WARNING:In record page fail has been ocured: Could not build url for endpoint 'main.records'. Did you mean 'main.record' instead?
2023-03-30 12:09:34,883:app:WARNING:In record page fail has been ocured: Could not build url for endpoint 'main.records'. Did you mean 'main.record' instead?
2023-03-30 12:09:35,906:app:WARNING:In record page fail has been ocured: Could not build url for endpoint 'main.records'. Did you mean 'main.record' instead?
2023-03-30 12:09:36,923:app:WARNING:In record page fail has been ocured: Could not build url for endpoint 'main.records'. Did you mean 'main.record' instead?
2023-03-30 12:09:37,942:app:WARNING:In record page fail has been ocured: Could not build url for endpoint 'main.records'. Did you mean 'main.record' instead?
2023-03-30 12:09:38,961:app:WARNING:In record page fail has been ocured: Could not build url for endpoint 'main.records'. Did you mean 'main.record' instead?
2023-03-30 12:09:39,979:app:WARNING:In record page fail has been ocured: Could not build url for endpoint 'main.records'. Did you mean 'main.record' instead?
2023-03-30 12:09:40,998:app:WARNING:In record page fail has been ocured: Could not build url for endpoint 'main.records'. Did you mean 'main.record' instead?
2023-03-30 12:09:42,019:app:WARNING:In record page fail has been ocured: Could not build url for endpoint 'main.records'. Did you mean 'main.record' instead?
2023-03-30 12:09:43,039:app:WARNING:In record page fail has been ocured: Could not build url for endpoint 'main.records'. Did you mean 'main.record' instead?
2023-03-30 12:09:44,057:app:WARNING:In record page fail has been ocured: Could not build url for endpoint 'main.records'. Did you mean 'main.record' instead?
2023-03-30 12:09:45,077:app:WARNING:In record page fail has been ocured: Could not build url for endpoint 'main.records'. Did you mean 'main.record' instead?
2023-03-30 12:10:16,121:app:WARNING:In record page fail has been ocured: Could not build url for endpoint 'main.records'. Did you mean 'main.record' instead?
2023-03-30 12:10:17,142:app:WARNING:In record page fail has been ocured: Could not build url for endpoint 'main.records'. Did you mean 'main.record' instead?
2023-03-30 12:10:18,169:app:WARNING:In record page fail has been ocured: Could not build url for endpoint 'main.records'. Did you mean 'main.record' instead?
2023-03-30 12:10:19,188:app:WARNING:In record page fail has been ocured: Could not build url for endpoint 'main.records'. Did you mean 'main.record' instead?
2023-03-30 12:10:20,208:app:WARNING:In record page fail has been ocured: Could not build url for endpoint 'main.records'. Did you mean 'main.record' instead?
2023-03-30 12:10:21,228:app:WARNING:In record page fail has been ocured: Could not build url for endpoint 'main.records'. Did you mean 'main.record' instead?
2023-03-30 12:10:22,249:app:WARNING:In record page fail has been ocured: Could not build url for endpoint 'main.records'. Did you mean 'main.record' instead?
2023-03-30 12:10:23,266:app:WARNING:In record page fail has been ocured: Could not build url for endpoint 'main.records'. Did you mean 'main.record' instead?
2023-03-30 12:10:24,286:app:WARNING:In record page fail has been ocured: Could not build url for endpoint 'main.records'. Did you mean 'main.record' instead?
2023-03-30 12:10:25,306:app:WARNING:In record page fail has been ocured: Could not build url for endpoint 'main.records'. Did you mean 'main.record' instead?
2023-03-30 12:10:26,341:app:WARNING:In record page fail has been ocured: Could not build url for endpoint 'main.records'. Did you mean 'main.record' instead?
2023-03-30 12:10:27,364:app:WARNING:In record page fail has been ocured: Could not build url for endpoint 'main.records'. Did you mean 'main.record' instead?
2023-03-30 12:10:28,381:app:WARNING:In record page fail has been ocured: Could not build url for endpoint 'main.records'. Did you mean 'main.record' instead?
2023-03-30 12:10:29,396:app:WARNING:In record page fail has been ocured: Could not build url for endpoint 'main.records'. Did you mean 'main.record' instead?
2023-03-30 12:10:30,414:app:WARNING:In record page fail has been ocured: Could not build url for endpoint 'main.records'. Did you mean 'main.record' instead?
2023-03-30 12:10:31,432:app:WARNING:In record page fail has been ocured: Could not build url for endpoint 'main.records'. Did you mean 'main.record' instead?
2023-03-30 12:10:32,450:app:WARNING:In record page fail has been ocured: Could not build url for endpoint 'main.records'. Did you mean 'main.record' instead?
2023-03-30 12:10:33,471:app:WARNING:In record page fail has been ocured: Could not build url for endpoint 'main.records'. Did you mean 'main.record' instead?
2023-03-30 12:10:34,495:app:WARNING:In record page fail has been ocured: Could not build url for endpoint 'main.records'. Did you mean 'main.record' instead?
2023-03-30 12:10:35,513:app:WARNING:In record page fail has been ocured: Could not build url for endpoint 'main.records'. Did you mean 'main.record' instead?
2023-03-30 12:11:19,496:app:WARNING:In record page fail has been ocured: Could not build url for endpoint 'main.records'. Did you mean 'main.record' instead?
2023-03-30 12:11:20,564:app:WARNING:In record page fail has been ocured: Could not build url for endpoint 'main.records'. Did you mean 'main.record' instead?
2023-03-30 12:11:21,635:app:WARNING:In record page fail has been ocured: Could not build url for endpoint 'main.records'. Did you mean 'main.record' instead?
2023-03-30 12:11:22,725:app:WARNING:In record page fail has been ocured: Could not build url for endpoint 'main.records'. Did you mean 'main.record' instead?
2023-03-30 12:11:23,777:app:WARNING:In record page fail has been ocured: Could not build url for endpoint 'main.records'. Did you mean 'main.record' instead?
2023-03-30 12:11:24,826:app:WARNING:In record page fail has been ocured: Could not build url for endpoint 'main.records'. Did you mean 'main.record' instead?
2023-03-30 12:11:25,877:app:WARNING:In record page fail has been ocured: Could not build url for endpoint 'main.records'. Did you mean 'main.record' instead?
2023-03-30 12:11:26,930:app:WARNING:In record page fail has been ocured: Could not build url for endpoint 'main.records'. Did you mean 'main.record' instead?
2023-03-30 12:11:27,982:app:WARNING:In record page fail has been ocured: Could not build url for endpoint 'main.records'. Did you mean 'main.record' instead?
2023-03-30 12:11:29,039:app:WARNING:In record page fail has been ocured: Could not build url for endpoint 'main.records'. Did you mean 'main.record' instead?
2023-03-30 12:11:30,131:app:WARNING:In record page fail has been ocured: Could not build url for endpoint 'main.records'. Did you mean 'main.record' instead?
2023-03-30 12:11:31,253:app:WARNING:In record page fail has been ocured: Could not build url for endpoint 'main.records'. Did you mean 'main.record' instead?
2023-03-30 12:11:32,292:app:WARNING:In record page fail has been ocured: Could not build url for endpoint 'main.records'. Did you mean 'main.record' instead?
2023-03-30 12:11:33,342:app:WARNING:In record page fail has been ocured: Could not build url for endpoint 'main.records'. Did you mean 'main.record' instead?
2023-03-30 12:11:34,391:app:WARNING:In record page fail has been ocured: Could not build url for endpoint 'main.records'. Did you mean 'main.record' instead?
2023-03-30 12:11:35,456:app:WARNING:In record page fail has been ocured: Could not build url for endpoint 'main.records'. Did you mean 'main.record' instead?
2023-03-30 12:11:36,505:app:WARNING:In record page fail has been ocured: Could not build url for endpoint 'main.records'. Did you mean 'main.record' instead?
2023-03-30 12:11:37,576:app:WARNING:In record page fail has been ocured: Could not build url for endpoint 'main.records'. Did you mean 'main.record' instead?
2023-03-30 12:11:38,690:app:WARNING:In record page fail has been ocured: Could not build url for endpoint 'main.records'. Did you mean 'main.record' instead?
2023-03-30 12:11:40,812:app:WARNING:In record page fail has been ocured: Could not build url for endpoint 'main.records'. Did you mean 'main.record' instead?
2023-03-30 12:11:41,829:app:WARNING:In record page fail has been ocured: Could not build url for endpoint 'main.records'. Did you mean 'main.record' instead?
2023-03-30 12:11:42,849:app:WARNING:In record page fail has been ocured: Could not build url for endpoint 'main.records'. Did you mean 'main.record' instead?
2023-03-30 12:11:43,870:app:WARNING:In record page fail has been ocured: Could not build url for endpoint 'main.records'. Did you mean 'main.record' instead?
2023-03-30 12:11:44,887:app:WARNING:In record page fail has been ocured: Could not build url for endpoint 'main.records'. Did you mean 'main.record' instead?
2023-03-30 12:11:45,906:app:WARNING:In record page fail has been ocured: Could not build url for endpoint 'main.records'. Did you mean 'main.record' instead?
2023-03-30 12:11:46,924:app:WARNING:In record page fail has been ocured: Could not build url for endpoint 'main.records'. Did you mean 'main.record' instead?
2023-03-30 12:11:47,944:app:WARNING:In record page fail has been ocured: Could not build url for endpoint 'main.records'. Did you mean 'main.record' instead?
2023-03-30 12:11:48,965:app:WARNING:In record page fail has been ocured: Could not build url for endpoint 'main.records'. Did you mean 'main.record' instead?
2023-03-30 12:11:49,986:app:WARNING:In record page fail has been ocured: Could not build url for endpoint 'main.records'. Did you mean 'main.record' instead?
2023-03-30 12:11:51,006:app:WARNING:In record page fail has been ocured: Could not build url for endpoint 'main.records'. Did you mean 'main.record' instead?
2023-03-30 12:11:52,028:app:WARNING:In record page fail has been ocured: Could not build url for endpoint 'main.records'. Did you mean 'main.record' instead?
2023-03-30 12:11:53,045:app:WARNING:In record page fail has been ocured: Could not build url for endpoint 'main.records'. Did you mean 'main.record' instead?
2023-03-30 12:11:54,066:app:WARNING:In record page fail has been ocured: Could not build url for endpoint 'main.records'. Did you mean 'main.record' instead?
2023-03-30 12:11:55,091:app:WARNING:In record page fail has been ocured: Could not build url for endpoint 'main.records'. Did you mean 'main.record' instead?
2023-03-30 12:11:56,114:app:WARNING:In record page fail has been ocured: Could not build url for endpoint 'main.records'. Did you mean 'main.record' instead?
2023-03-30 12:11:57,131:app:WARNING:In record page fail has been ocured: Could not build url for endpoint 'main.records'. Did you mean 'main.record' instead?
2023-03-30 12:11:58,152:app:WARNING:In record page fail has been ocured: Could not build url for endpoint 'main.records'. Did you mean 'main.record' instead?
2023-03-30 12:11:59,171:app:WARNING:In record page fail has been ocured: Could not build url for endpoint 'main.records'. Did you mean 'main.record' instead?
2023-03-30 12:12:00,188:app:WARNING:In record page fail has been ocured: Could not build url for endpoint 'main.records'. Did you mean 'main.record' instead?
2023-03-30 12:12:06,244:app:WARNING:In record page fail has been ocured: Could not build url for endpoint 'main.records'. Did you mean 'main.record' instead?
2023-03-30 12:12:07,264:app:WARNING:In record page fail has been ocured: Could not build url for endpoint 'main.records'. Did you mean 'main.record' instead?
2023-03-30 12:12:08,284:app:WARNING:In record page fail has been ocured: Could not build url for endpoint 'main.records'. Did you mean 'main.record' instead?
2023-03-30 12:12:09,304:app:WARNING:In record page fail has been ocured: Could not build url for endpoint 'main.records'. Did you mean 'main.record' instead?
2023-03-30 12:12:10,323:app:WARNING:In record page fail has been ocured: Could not build url for endpoint 'main.records'. Did you mean 'main.record' instead?
2023-03-30 12:12:11,342:app:WARNING:In record page fail has been ocured: Could not build url for endpoint 'main.records'. Did you mean 'main.record' instead?
2023-03-30 12:12:12,361:app:WARNING:In record page fail has been ocured: Could not build url for endpoint 'main.records'. Did you mean 'main.record' instead?
2023-03-30 12:12:13,386:app:WARNING:In record page fail has been ocured: Could not build url for endpoint 'main.records'. Did you mean 'main.record' instead?
2023-03-30 12:12:14,406:app:WARNING:In record page fail has been ocured: Could not build url for endpoint 'main.records'. Did you mean 'main.record' instead?
2023-03-30 12:12:15,432:app:WARNING:In record page fail has been ocured: Could not build url for endpoint 'main.records'. Did you mean 'main.record' instead?
2023-03-30 12:12:16,465:app:WARNING:In record page fail has been ocured: Could not build url for endpoint 'main.records'. Did you mean 'main.record' instead?
2023-03-30 12:12:17,485:app:WARNING:In record page fail has been ocured: Could not build url for endpoint 'main.records'. Did you mean 'main.record' instead?
2023-03-30 12:12:18,505:app:WARNING:In record page fail has been ocured: Could not build url for endpoint 'main.records'. Did you mean 'main.record' instead?
2023-03-30 12:12:19,526:app:WARNING:In record page fail has been ocured: Could not build url for endpoint 'main.records'. Did you mean 'main.record' instead?
2023-03-30 12:12:20,546:app:WARNING:In record page fail has been ocured: Could not build url for endpoint 'main.records'. Did you mean 'main.record' instead?
2023-03-30 12:12:21,568:app:WARNING:In record page fail has been ocured: Could not build url for endpoint 'main.records'. Did you mean 'main.record' instead?
2023-03-30 12:12:22,585:app:WARNING:In record page fail has been ocured: Could not build url for endpoint 'main.records'. Did you mean 'main.record' instead?
2023-03-30 12:12:23,608:app:WARNING:In record page fail has been ocured: Could not build url for endpoint 'main.records'. Did you mean 'main.record' instead?
2023-03-30 12:12:24,629:app:WARNING:In record page fail has been ocured: Could not build url for endpoint 'main.records'. Did you mean 'main.record' instead?
2023-03-30 12:12:25,648:app:WARNING:In record page fail has been ocured: Could not build url for endpoint 'main.records'. Did you mean 'main.record' instead?
2023-03-30 12:12:56,704:app:WARNING:In record page fail has been ocured: Could not build url for endpoint 'main.records'. Did you mean 'main.record' instead?
2023-03-30 12:12:57,736:app:WARNING:In record page fail has been ocured: Could not build url for endpoint 'main.records'. Did you mean 'main.record' instead?
2023-03-30 12:12:58,761:app:WARNING:In record page fail has been ocured: Could not build url for endpoint 'main.records'. Did you mean 'main.record' instead?
2023-03-30 12:12:59,782:app:WARNING:In record page fail has been ocured: Could not build url for endpoint 'main.records'. Did you mean 'main.record' instead?
2023-03-30 12:13:00,801:app:WARNING:In record page fail has been ocured: Could not build url for endpoint 'main.records'. Did you mean 'main.record' instead?
2023-03-30 12:13:01,823:app:WARNING:In record page fail has been ocured: Could not build url for endpoint 'main.records'. Did you mean 'main.record' instead?
2023-03-30 12:13:02,847:app:WARNING:In record page fail has been ocured: Could not build url for endpoint 'main.records'. Did you mean 'main.record' instead?
2023-03-30 12:13:03,875:app:WARNING:In record page fail has been ocured: Could not build url for endpoint 'main.records'. Did you mean 'main.record' instead?
2023-03-30 12:13:04,902:app:WARNING:In record page fail has been ocured: Could not build url for endpoint 'main.records'. Did you mean 'main.record' instead?
2023-03-30 12:13:05,920:app:WARNING:In record page fail has been ocured: Could not build url for endpoint 'main.records'. Did you mean 'main.record' instead?
2023-03-30 12:13:06,938:app:WARNING:In record page fail has been ocured: Could not build url for endpoint 'main.records'. Did you mean 'main.record' instead?
2023-03-30 12:13:07,956:app:WARNING:In record page fail has been ocured: Could not build url for endpoint 'main.records'. Did you mean 'main.record' instead?
2023-03-30 12:13:08,973:app:WARNING:In record page fail has been ocured: Could not build url for endpoint 'main.records'. Did you mean 'main.record' instead?
2023-03-30 12:13:09,991:app:WARNING:In record page fail has been ocured: Could not build url for endpoint 'main.records'. Did you mean 'main.record' instead?
2023-03-30 12:13:11,021:app:WARNING:In record page fail has been ocured: Could not build url for endpoint 'main.records'. Did you mean 'main.record' instead?
2023-03-30 12:13:12,041:app:WARNING:In record page fail has been ocured: Could not build url for endpoint 'main.records'. Did you mean 'main.record' instead?
2023-03-30 12:25:19,227:app:WARNING:In record page fail has been ocured: Could not build url for endpoint 'main.records'. Did you mean 'main.record' instead?
2023-03-30 12:25:20,299:app:WARNING:In record page fail has been ocured: Could not build url for endpoint 'main.records'. Did you mean 'main.record' instead?
2023-03-30 12:25:21,382:app:WARNING:In record page fail has been ocured: Could not build url for endpoint 'main.records'. Did you mean 'main.record' instead?
2023-03-30 12:25:22,498:app:WARNING:In record page fail has been ocured: Could not build url for endpoint 'main.records'. Did you mean 'main.record' instead?
2023-03-30 12:25:23,561:app:WARNING:In record page fail has been ocured: Could not build url for endpoint 'main.records'. Did you mean 'main.record' instead?
2023-03-30 12:25:24,697:app:WARNING:In record page fail has been ocured: Could not build url for endpoint 'main.records'. Did you mean 'main.record' instead?
2023-03-30 12:25:25,750:app:WARNING:In record page fail has been ocured: Could not build url for endpoint 'main.records'. Did you mean 'main.record' instead?
2023-03-30 12:25:26,813:app:WARNING:In record page fail has been ocured: Could not build url for endpoint 'main.records'. Did you mean 'main.record' instead?
2023-03-30 12:25:27,895:app:WARNING:In record page fail has been ocured: Could not build url for endpoint 'main.records'. Did you mean 'main.record' instead?
2023-03-30 12:25:28,947:app:WARNING:In record page fail has been ocured: Could not build url for endpoint 'main.records'. Did you mean 'main.record' instead?
2023-03-30 12:25:30,041:app:WARNING:In record page fail has been ocured: Could not build url for endpoint 'main.records'. Did you mean 'main.record' instead?
2023-03-30 12:25:31,121:app:WARNING:In record page fail has been ocured: Could not build url for endpoint 'main.records'. Did you mean 'main.record' instead?
2023-03-30 12:25:32,171:app:WARNING:In record page fail has been ocured: Could not build url for endpoint 'main.records'. Did you mean 'main.record' instead?
2023-03-30 12:25:33,214:app:WARNING:In record page fail has been ocured: Could not build url for endpoint 'main.records'. Did you mean 'main.record' instead?
2023-03-30 12:25:34,308:app:WARNING:In record page fail has been ocured: Could not build url for endpoint 'main.records'. Did you mean 'main.record' instead?
2023-03-30 12:25:35,419:app:WARNING:In record page fail has been ocured: Could not build url for endpoint 'main.records'. Did you mean 'main.record' instead?
2023-03-30 12:25:36,466:app:WARNING:In record page fail has been ocured: Could not build url for endpoint 'main.records'. Did you mean 'main.record' instead?
2023-03-30 12:25:37,534:app:WARNING:In record page fail has been ocured: Could not build url for endpoint 'main.records'. Did you mean 'main.record' instead?
2023-03-30 12:25:38,590:app:WARNING:In record page fail has been ocured: Could not build url for endpoint 'main.records'. Did you mean 'main.record' instead?
2023-03-30 12:25:40,780:app:WARNING:In record page fail has been ocured: Could not build url for endpoint 'main.records'. Did you mean 'main.record' instead?
2023-03-30 12:25:42,003:app:WARNING:In record page fail has been ocured: Could not build url for endpoint 'main.records'. Did you mean 'main.record' instead?
2023-03-30 12:25:43,023:app:WARNING:In record page fail has been ocured: Could not build url for endpoint 'main.records'. Did you mean 'main.record' instead?
2023-03-30 12:25:44,040:app:WARNING:In record page fail has been ocured: Could not build url for endpoint 'main.records'. Did you mean 'main.record' instead?
2023-03-30 12:25:45,073:app:WARNING:In record page fail has been ocured: Could not build url for endpoint 'main.records'. Did you mean 'main.record' instead?
2023-03-30 12:25:46,101:app:WARNING:In record page fail has been ocured: Could not build url for endpoint 'main.records'. Did you mean 'main.record' instead?
2023-03-30 12:25:47,126:app:WARNING:In record page fail has been ocured: Could not build url for endpoint 'main.records'. Did you mean 'main.record' instead?
2023-03-30 12:25:48,147:app:WARNING:In record page fail has been ocured: Could not build url for endpoint 'main.records'. Did you mean 'main.record' instead?
2023-03-30 12:25:49,170:app:WARNING:In record page fail has been ocured: Could not build url for endpoint 'main.records'. Did you mean 'main.record' instead?
2023-03-30 12:25:50,189:app:WARNING:In record page fail has been ocured: Could not build url for endpoint 'main.records'. Did you mean 'main.record' instead?
2023-03-30 12:25:51,216:app:WARNING:In record page fail has been ocured: Could not build url for endpoint 'main.records'. Did you mean 'main.record' instead?
2023-03-30 12:25:52,238:app:WARNING:In record page fail has been ocured: Could not build url for endpoint 'main.records'. Did you mean 'main.record' instead?
2023-03-30 12:25:53,287:app:WARNING:In record page fail has been ocured: Could not build url for endpoint 'main.records'. Did you mean 'main.record' instead?
2023-03-30 12:25:54,813:app:WARNING:In record page fail has been ocured: Could not build url for endpoint 'main.records'. Did you mean 'main.record' instead?
2023-03-30 12:25:55,839:app:WARNING:In record page fail has been ocured: Could not build url for endpoint 'main.records'. Did you mean 'main.record' instead?
2023-03-30 12:25:56,864:app:WARNING:In record page fail has been ocured: Could not build url for endpoint 'main.records'. Did you mean 'main.record' instead?
2023-03-30 12:25:57,893:app:WARNING:In record page fail has been ocured: Could not build url for endpoint 'main.records'. Did you mean 'main.record' instead?
2023-03-30 12:25:58,923:app:WARNING:In record page fail has been ocured: Could not build url for endpoint 'main.records'. Did you mean 'main.record' instead?
2023-03-30 12:25:59,943:app:WARNING:In record page fail has been ocured: Could not build url for endpoint 'main.records'. Did you mean 'main.record' instead?
2023-03-30 12:26:00,965:app:WARNING:In record page fail has been ocured: Could not build url for endpoint 'main.records'. Did you mean 'main.record' instead?
2023-03-30 12:26:01,987:app:WARNING:In record page fail has been ocured: Could not build url for endpoint 'main.records'. Did you mean 'main.record' instead?
2023-03-30 12:26:03,008:app:WARNING:In record page fail has been ocured: Could not build url for endpoint 'main.records'. Did you mean 'main.record' instead?
2023-03-30 12:26:04,025:app:WARNING:In record page fail has been ocured: Could not build url for endpoint 'main.records'. Did you mean 'main.record' instead?
2023-03-30 12:26:05,054:app:WARNING:In record page fail has been ocured: Could not build url for endpoint 'main.records'. Did you mean 'main.record' instead?
2023-03-30 12:26:06,076:app:WARNING:In record page fail has been ocured: Could not build url for endpoint 'main.records'. Did you mean 'main.record' instead?
2023-03-30 12:26:07,095:app:WARNING:In record page fail has been ocured: Could not build url for endpoint 'main.records'. Did you mean 'main.record' instead?
2023-03-30 12:26:08,119:app:WARNING:In record page fail has been ocured: Could not build url for endpoint 'main.records'. Did you mean 'main.record' instead?
2023-03-30 12:26:09,158:app:WARNING:In record page fail has been ocured: Could not build url for endpoint 'main.records'. Did you mean 'main.record' instead?
2023-03-30 12:26:10,187:app:WARNING:In record page fail has been ocured: Could not build url for endpoint 'main.records'. Did you mean 'main.record' instead?
2023-03-30 12:26:11,226:app:WARNING:In record page fail has been ocured: Could not build url for endpoint 'main.records'. Did you mean 'main.record' instead?
2023-03-30 12:26:12,324:app:WARNING:In record page fail has been ocured: Could not build url for endpoint 'main.records'. Did you mean 'main.record' instead?
2023-03-30 12:26:13,406:app:WARNING:In record page fail has been ocured: Could not build url for endpoint 'main.records'. Did you mean 'main.record' instead?
2023-03-30 12:26:14,541:app:WARNING:In record page fail has been ocured: Could not build url for endpoint 'main.records'. Did you mean 'main.record' instead?
2023-03-30 12:26:20,341:app:WARNING:In record page fail has been ocured: Could not build url for endpoint 'main.records'. Did you mean 'main.record' instead?
2023-03-30 12:26:21,367:app:WARNING:In record page fail has been ocured: Could not build url for endpoint 'main.records'. Did you mean 'main.record' instead?
2023-03-30 12:26:22,390:app:WARNING:In record page fail has been ocured: Could not build url for endpoint 'main.records'. Did you mean 'main.record' instead?
2023-03-30 12:26:23,438:app:WARNING:In record page fail has been ocured: Could not build url for endpoint 'main.records'. Did you mean 'main.record' instead?
2023-03-30 12:26:45,418:app:WARNING:In record page fail has been ocured: Could not build url for endpoint 'main.records'. Did you mean 'main.record' instead?
2023-03-30 12:26:46,502:app:WARNING:In record page fail has been ocured: Could not build url for endpoint 'main.records'. Did you mean 'main.record' instead?
2023-03-30 12:26:47,662:app:WARNING:In record page fail has been ocured: Could not build url for endpoint 'main.records'. Did you mean 'main.record' instead?
2023-03-30 12:26:48,742:app:WARNING:In record page fail has been ocured: Could not build url for endpoint 'main.records'. Did you mean 'main.record' instead?
2023-03-30 12:26:49,800:app:WARNING:In record page fail has been ocured: Could not build url for endpoint 'main.records'. Did you mean 'main.record' instead?
2023-03-30 12:26:50,886:app:WARNING:In record page fail has been ocured: Could not build url for endpoint 'main.records'. Did you mean 'main.record' instead?
2023-03-30 12:26:52,000:app:WARNING:In record page fail has been ocured: Could not build url for endpoint 'main.records'. Did you mean 'main.record' instead?
2023-03-30 12:26:53,071:app:WARNING:In record page fail has been ocured: Could not build url for endpoint 'main.records'. Did you mean 'main.record' instead?
2023-03-30 12:26:54,135:app:WARNING:In record page fail has been ocured: Could not build url for endpoint 'main.records'. Did you mean 'main.record' instead?
2023-03-30 12:26:55,199:app:WARNING:In record page fail has been ocured: Could not build url for endpoint 'main.records'. Did you mean 'main.record' instead?
2023-03-30 12:26:56,251:app:WARNING:In record page fail has been ocured: Could not build url for endpoint 'main.records'. Did you mean 'main.record' instead?
2023-03-30 12:26:57,326:app:WARNING:In record page fail has been ocured: Could not build url for endpoint 'main.records'. Did you mean 'main.record' instead?
2023-03-30 12:26:58,374:app:WARNING:In record page fail has been ocured: Could not build url for endpoint 'main.records'. Did you mean 'main.record' instead?
2023-03-30 12:26:59,545:app:WARNING:In record page fail has been ocured: Could not build url for endpoint 'main.records'. Did you mean 'main.record' instead?
2023-03-30 12:27:00,612:app:WARNING:In record page fail has been ocured: Could not build url for endpoint 'main.records'. Did you mean 'main.record' instead?
2023-03-30 12:27:01,680:app:WARNING:In record page fail has been ocured: Could not build url for endpoint 'main.records'. Did you mean 'main.record' instead?
2023-03-30 12:27:02,727:app:WARNING:In record page fail has been ocured: Could not build url for endpoint 'main.records'. Did you mean 'main.record' instead?
2023-03-30 12:27:03,784:app:WARNING:In record page fail has been ocured: Could not build url for endpoint 'main.records'. Did you mean 'main.record' instead?
2023-03-30 12:27:04,838:app:WARNING:In record page fail has been ocured: Could not build url for endpoint 'main.records'. Did you mean 'main.record' instead?
2023-03-30 12:27:06,998:app:WARNING:In record page fail has been ocured: Could not build url for endpoint 'main.records'. Did you mean 'main.record' instead?
2023-03-30 12:27:08,021:app:WARNING:In record page fail has been ocured: Could not build url for endpoint 'main.records'. Did you mean 'main.record' instead?
2023-03-30 12:27:09,042:app:WARNING:In record page fail has been ocured: Could not build url for endpoint 'main.records'. Did you mean 'main.record' instead?
2023-03-30 12:27:10,060:app:WARNING:In record page fail has been ocured: Could not build url for endpoint 'main.records'. Did you mean 'main.record' instead?
2023-03-30 12:27:11,081:app:WARNING:In record page fail has been ocured: Could not build url for endpoint 'main.records'. Did you mean 'main.record' instead?
2023-03-30 12:27:12,108:app:WARNING:In record page fail has been ocured: Could not build url for endpoint 'main.records'. Did you mean 'main.record' instead?
2023-03-30 12:27:13,129:app:WARNING:In record page fail has been ocured: Could not build url for endpoint 'main.records'. Did you mean 'main.record' instead?
2023-03-30 12:27:14,150:app:WARNING:In record page fail has been ocured: Could not build url for endpoint 'main.records'. Did you mean 'main.record' instead?
2023-03-30 12:27:15,171:app:WARNING:In record page fail has been ocured: Could not build url for endpoint 'main.records'. Did you mean 'main.record' instead?
2023-03-30 12:27:16,192:app:WARNING:In record page fail has been ocured: Could not build url for endpoint 'main.records'. Did you mean 'main.record' instead?
2023-03-30 12:27:17,212:app:WARNING:In record page fail has been ocured: Could not build url for endpoint 'main.records'. Did you mean 'main.record' instead?
2023-03-30 12:27:18,233:app:WARNING:In record page fail has been ocured: Could not build url for endpoint 'main.records'. Did you mean 'main.record' instead?
2023-03-30 12:27:19,254:app:WARNING:In record page fail has been ocured: Could not build url for endpoint 'main.records'. Did you mean 'main.record' instead?
2023-03-30 12:27:20,275:app:WARNING:In record page fail has been ocured: Could not build url for endpoint 'main.records'. Did you mean 'main.record' instead?
2023-03-30 12:27:21,295:app:WARNING:In record page fail has been ocured: Could not build url for endpoint 'main.records'. Did you mean 'main.record' instead?
2023-03-30 12:27:22,317:app:WARNING:In record page fail has been ocured: Could not build url for endpoint 'main.records'. Did you mean 'main.record' instead?
2023-03-30 12:27:23,337:app:WARNING:In record page fail has been ocured: Could not build url for endpoint 'main.records'. Did you mean 'main.record' instead?
2023-03-30 12:27:24,360:app:WARNING:In record page fail has been ocured: Could not build url for endpoint 'main.records'. Did you mean 'main.record' instead?
2023-03-30 12:27:25,381:app:WARNING:In record page fail has been ocured: Could not build url for endpoint 'main.records'. Did you mean 'main.record' instead?
2023-03-30 12:27:26,403:app:WARNING:In record page fail has been ocured: Could not build url for endpoint 'main.records'. Did you mean 'main.record' instead?
2023-03-30 12:27:32,454:app:WARNING:In record page fail has been ocured: Could not build url for endpoint 'main.records'. Did you mean 'main.record' instead?
2023-03-30 12:27:33,472:app:WARNING:In record page fail has been ocured: Could not build url for endpoint 'main.records'. Did you mean 'main.record' instead?
2023-03-30 12:27:34,491:app:WARNING:In record page fail has been ocured: Could not build url for endpoint 'main.records'. Did you mean 'main.record' instead?
2023-03-30 12:27:35,513:app:WARNING:In record page fail has been ocured: Could not build url for endpoint 'main.records'. Did you mean 'main.record' instead?
2023-03-30 12:27:36,541:app:WARNING:In record page fail has been ocured: Could not build url for endpoint 'main.records'. Did you mean 'main.record' instead?
2023-03-30 12:27:37,563:app:WARNING:In record page fail has been ocured: Could not build url for endpoint 'main.records'. Did you mean 'main.record' instead?
2023-03-30 12:27:38,585:app:WARNING:In record page fail has been ocured: Could not build url for endpoint 'main.records'. Did you mean 'main.record' instead?
2023-03-30 12:27:39,605:app:WARNING:In record page fail has been ocured: Could not build url for endpoint 'main.records'. Did you mean 'main.record' instead?
2023-03-30 12:27:40,669:app:WARNING:In record page fail has been ocured: Could not build url for endpoint 'main.records'. Did you mean 'main.record' instead?
2023-03-30 12:27:41,688:app:WARNING:In record page fail has been ocured: Could not build url for endpoint 'main.records'. Did you mean 'main.record' instead?
2023-03-30 12:27:42,709:app:WARNING:In record page fail has been ocured: Could not build url for endpoint 'main.records'. Did you mean 'main.record' instead?
2023-03-30 12:27:43,730:app:WARNING:In record page fail has been ocured: Could not build url for endpoint 'main.records'. Did you mean 'main.record' instead?
2023-03-30 12:27:44,751:app:WARNING:In record page fail has been ocured: Could not build url for endpoint 'main.records'. Did you mean 'main.record' instead?
2023-03-30 12:27:45,789:app:WARNING:In record page fail has been ocured: Could not build url for endpoint 'main.records'. Did you mean 'main.record' instead?
2023-03-30 12:27:46,809:app:WARNING:In record page fail has been ocured: Could not build url for endpoint 'main.records'. Did you mean 'main.record' instead?
2023-03-30 12:27:47,833:app:WARNING:In record page fail has been ocured: Could not build url for endpoint 'main.records'. Did you mean 'main.record' instead?
2023-03-30 12:27:48,858:app:WARNING:In record page fail has been ocured: Could not build url for endpoint 'main.records'. Did you mean 'main.record' instead?
2023-03-30 12:27:49,882:app:WARNING:In record page fail has been ocured: Could not build url for endpoint 'main.records'. Did you mean 'main.record' instead?
2023-03-30 12:33:50,471:app:WARNING:In record page fail has been ocured: Could not build url for endpoint 'main.project_report_form'. Did you mean 'main.project_report' instead?
2023-03-30 12:33:51,533:app:WARNING:In record page fail has been ocured: Could not build url for endpoint 'main.project_report_form'. Did you mean 'main.project_report' instead?
2023-03-30 12:33:52,579:app:WARNING:In record page fail has been ocured: Could not build url for endpoint 'main.project_report_form'. Did you mean 'main.project_report' instead?
2023-03-30 12:33:53,660:app:WARNING:In record page fail has been ocured: Could not build url for endpoint 'main.project_report_form'. Did you mean 'main.project_report' instead?
2023-03-30 12:33:54,716:app:WARNING:In record page fail has been ocured: Could not build url for endpoint 'main.project_report_form'. Did you mean 'main.project_report' instead?
2023-03-30 12:33:55,763:app:WARNING:In record page fail has been ocured: Could not build url for endpoint 'main.project_report_form'. Did you mean 'main.project_report' instead?
2023-03-30 12:33:56,850:app:WARNING:In record page fail has been ocured: Could not build url for endpoint 'main.project_report_form'. Did you mean 'main.project_report' instead?
2023-03-30 12:33:57,958:app:WARNING:In record page fail has been ocured: Could not build url for endpoint 'main.project_report_form'. Did you mean 'main.project_report' instead?
2023-03-30 12:33:59,044:app:WARNING:In record page fail has been ocured: Could not build url for endpoint 'main.project_report_form'. Did you mean 'main.project_report' instead?
2023-03-30 12:34:00,125:app:WARNING:In record page fail has been ocured: Could not build url for endpoint 'main.project_report_form'. Did you mean 'main.project_report' instead?
2023-03-30 12:34:01,185:app:WARNING:In record page fail has been ocured: Could not build url for endpoint 'main.project_report_form'. Did you mean 'main.project_report' instead?
2023-03-30 12:34:02,254:app:WARNING:In record page fail has been ocured: Could not build url for endpoint 'main.project_report_form'. Did you mean 'main.project_report' instead?
2023-03-30 12:34:03,305:app:WARNING:In record page fail has been ocured: Could not build url for endpoint 'main.project_report_form'. Did you mean 'main.project_report' instead?
2023-03-30 12:34:04,371:app:WARNING:In record page fail has been ocured: Could not build url for endpoint 'main.project_report_form'. Did you mean 'main.project_report' instead?
2023-03-30 12:34:05,440:app:WARNING:In record page fail has been ocured: Could not build url for endpoint 'main.project_report_form'. Did you mean 'main.project_report' instead?
2023-03-30 12:34:06,537:app:WARNING:In record page fail has been ocured: Could not build url for endpoint 'main.project_report_form'. Did you mean 'main.project_report' instead?
2023-03-30 12:34:07,591:app:WARNING:In record page fail has been ocured: Could not build url for endpoint 'main.project_report_form'. Did you mean 'main.project_report' instead?
2023-03-30 12:34:08,645:app:WARNING:In record page fail has been ocured: Could not build url for endpoint 'main.project_report_form'. Did you mean 'main.project_report' instead?
2023-03-30 12:34:09,712:app:WARNING:In record page fail has been ocured: Could not build url for endpoint 'main.project_report_form'. Did you mean 'main.project_report' instead?
2023-03-30 12:34:11,839:app:WARNING:In record page fail has been ocured: Could not build url for endpoint 'main.project_report_form'. Did you mean 'main.project_report' instead?
2023-03-30 12:34:12,861:app:WARNING:In record page fail has been ocured: Could not build url for endpoint 'main.project_report_form'. Did you mean 'main.project_report' instead?
2023-03-30 12:34:13,882:app:WARNING:In record page fail has been ocured: Could not build url for endpoint 'main.project_report_form'. Did you mean 'main.project_report' instead?
2023-03-30 12:34:15,155:app:WARNING:In record page fail has been ocured: Could not build url for endpoint 'main.project_report_form'. Did you mean 'main.project_report' instead?
2023-03-30 12:34:16,204:app:WARNING:In record page fail has been ocured: Could not build url for endpoint 'main.project_report_form'. Did you mean 'main.project_report' instead?
2023-03-30 12:34:17,226:app:WARNING:In record page fail has been ocured: Could not build url for endpoint 'main.project_report_form'. Did you mean 'main.project_report' instead?
2023-03-30 12:34:18,256:app:WARNING:In record page fail has been ocured: Could not build url for endpoint 'main.project_report_form'. Did you mean 'main.project_report' instead?
2023-03-30 12:34:19,280:app:WARNING:In record page fail has been ocured: Could not build url for endpoint 'main.project_report_form'. Did you mean 'main.project_report' instead?
2023-03-30 12:34:20,312:app:WARNING:In record page fail has been ocured: Could not build url for endpoint 'main.project_report_form'. Did you mean 'main.project_report' instead?
2023-03-30 12:34:21,333:app:WARNING:In record page fail has been ocured: Could not build url for endpoint 'main.project_report_form'. Did you mean 'main.project_report' instead?
2023-03-30 12:34:22,363:app:WARNING:In record page fail has been ocured: Could not build url for endpoint 'main.project_report_form'. Did you mean 'main.project_report' instead?
2023-03-30 12:34:23,384:app:WARNING:In record page fail has been ocured: Could not build url for endpoint 'main.project_report_form'. Did you mean 'main.project_report' instead?
2023-03-30 13:35:25,452:app:WARNING:In record page fail has been ocured: 'NoneType' object has no attribute 'id'
2023-03-30 13:46:03,569:app:WARNING:In record page fail has been ocured: 'NoneType' object has no attribute 'id'
2023-03-30 13:46:07,398:app:WARNING:In record page fail has been ocured: 'NoneType' object has no attribute 'id'
2023-03-30 13:46:37,762:app:WARNING:In record page fail has been ocured: 'NoneType' object has no attribute 'id'
2023-03-30 15:01:52,339:app:WARNING:In record page fail has been ocured: 'NoneType' object has no attribute 'id'
2023-03-30 17:23:42,003:app:WARNING:In record page fail has been ocured: 'NoneType' object has no attribute 'id'
2023-03-30 17:25:12,431:app:WARNING:replace_id_to_name_in_record_dict fail has been ocured: 'NoneType' object has no attribute 'task_name'
2023-03-30 17:25:12,432:app:WARNING:replace_id_to_name_in_record_dict fail has been ocured: 'NoneType' object is not iterable
2023-03-30 17:26:39,713:app:WARNING:replace_id_to_name_in_record_dict fail has been ocured: 'NoneType' object has no attribute 'task_name'
2023-03-30 17:26:39,714:app:WARNING:replace_id_to_name_in_record_dict fail has been ocured: 'NoneType' object is not iterable
2023-03-30 18:07:38,426:app:WARNING:In edit_cat_cost fail: __init__() missing 1 required positional argument: 'cost_name'
